<?xml version="1.0" encoding="UTF-8"?>
<testsuite xmlns:xsi="http://www.w3.org/2001/XMLSchema-instance" xsi:noNamespaceSchemaLocation="https://maven.apache.org/surefire/maven-surefire-plugin/xsd/surefire-test-report.xsd" name="com.practica.cajanegra.ConstructorTest" time="0.057" tests="6" errors="0" skipped="0" failures="0">
  <properties>
[...]
</properties>
  <testcase name="constructorAlphanumericOK" classname="com.practica.cajanegra.ConstructorTest" time="0.03"/>
  <testcase name="constructorNumericOK" classname="com.practica.cajanegra.ConstructorTest" time="0.001"/>
  <testcase name="constructorOnlyAlphaOK" classname="com.practica.cajanegra.ConstructorTest" time="0.002"/>
  <testcase name="constructorNotAlphanumericOK" classname="com.practica.cajanegra.ConstructorTest" time="0.002"/>
  <testcase name="constructorNotStringKO" classname="com.practica.cajanegra.ConstructorTest" time="0.001"/>
  <testcase name="constructorNullKO" classname="com.practica.cajanegra.ConstructorTest" time="0.002"/>
</testsuite>